2021-07-31 17:47:44.356 [main] INFO  educ.service.teacher.Application - Starting Application on MS-JBAREYWGNZOY with PID 5400 (E:\git_project\educ\educ-service-teacher\target\classes started by Administrator in E:\git_project\educ)
2021-07-31 17:47:44.366 [main] INFO  educ.service.teacher.Application - The following profiles are active: local
2021-07-31 17:47:45.810 [main] INFO  o.s.d.r.config.RepositoryConfigurationDelegate - Multiple Spring Data modules found, entering strict repository configuration mode!
2021-07-31 17:47:45.820 [main] INFO  o.s.d.r.config.RepositoryConfigurationDelegate - Bootstrapping Spring Data repositories in DEFAULT mode.
2021-07-31 17:47:45.850 [main] INFO  o.s.d.r.config.RepositoryConfigurationDelegate - Finished Spring Data repository scanning in 13ms. Found 0 repository interfaces.
2021-07-31 17:47:46.365 [main] INFO  o.s.c.s.PostProcessorRegistrationDelegate$BeanPostProcessorChecker - Bean 'org.springframework.transaction.annotation.ProxyTransactionManagementConfiguration' of type [org.springframework.transaction.annotation.ProxyTransactionManagementConfiguration] is not eligible for getting processed by all BeanPostProcessors (for example: not eligible for auto-proxying)
2021-07-31 17:47:46.615 [main] INFO  o.s.boot.web.embedded.tomcat.TomcatWebServer - Tomcat initialized with port(s): 8888 (http)
2021-07-31 17:47:46.625 [main] INFO  org.apache.coyote.http11.Http11NioProtocol - Initializing ProtocolHandler ["http-nio-8888"]
2021-07-31 17:47:46.625 [main] INFO  org.apache.catalina.core.StandardService - Starting service [Tomcat]
2021-07-31 17:47:46.625 [main] INFO  org.apache.catalina.core.StandardEngine - Starting Servlet engine: [Apache Tomcat/9.0.27]
2021-07-31 17:47:46.735 [main] INFO  o.a.c.c.C.[Tomcat].[localhost].[/educ/service] - Initializing Spring embedded WebApplicationContext
2021-07-31 17:47:46.735 [main] INFO  org.springframework.web.context.ContextLoader - Root WebApplicationContext: initialization completed in 2289 ms
2021-07-31 17:47:47.002 [main] INFO  com.zaxxer.hikari.HikariDataSource - HikariPool-1 - Starting...
2021-07-31 17:47:47.463 [main] INFO  com.zaxxer.hikari.HikariDataSource - HikariPool-1 - Start completed.
2021-07-31 17:47:48.130 [main] INFO  s.d.s.w.PropertySourcedRequestMappingHandlerMapping - Mapped URL path [/v2/api-docs] onto method [springfox.documentation.swagger2.web.Swagger2Controller#getDocumentation(String, HttpServletRequest)]
2021-07-31 17:47:48.260 [main] INFO  o.s.scheduling.concurrent.ThreadPoolTaskExecutor - Initializing ExecutorService 'applicationTaskExecutor'
2021-07-31 17:47:48.839 [main] INFO  s.d.s.web.plugins.DocumentationPluginsBootstrapper - Context refreshed
2021-07-31 17:47:48.856 [main] INFO  s.d.s.web.plugins.DocumentationPluginsBootstrapper - Found 1 custom documentation plugin(s)
2021-07-31 17:47:48.906 [main] INFO  s.d.spring.web.scanners.ApiListingReferenceScanner - Scanning for api listing references
2021-07-31 17:47:49.151 [main] INFO  s.d.s.w.r.operation.CachingOperationNameGenerator - Generating unique operation named: uploadToOssUsingPOST_1
2021-07-31 17:47:49.171 [main] INFO  org.apache.coyote.http11.Http11NioProtocol - Starting ProtocolHandler ["http-nio-8888"]
2021-07-31 17:47:49.211 [main] INFO  o.s.boot.web.embedded.tomcat.TomcatWebServer - Tomcat started on port(s): 8888 (http) with context path '/educ/service'
2021-07-31 17:47:49.211 [main] INFO  educ.service.teacher.Application - Started Application in 5.876 seconds (JVM running for 9.107)
2021-07-31 17:47:49.211 [main] INFO  educ.service.teacher.Application - 
----------------------------------------------------------
	Service:1.0.0educ is running! Access URLs:
	Local: 		http://localhost:8888/educ/service/
	External: 	http://192.168.0.104:8888/educ/service/
	swagger-ui: http://192.168.0.104:8888/educ/service/swagger-ui.html
----------------------------------------------------------
2021-07-31 17:47:54.434 [http-nio-8888-exec-1] INFO  o.a.c.c.C.[Tomcat].[localhost].[/educ/service] - Initializing Spring DispatcherServlet 'dispatcherServlet'
2021-07-31 17:47:54.435 [http-nio-8888-exec-1] INFO  org.springframework.web.servlet.DispatcherServlet - Initializing Servlet 'dispatcherServlet'
2021-07-31 17:47:54.444 [http-nio-8888-exec-1] INFO  org.springframework.web.servlet.DispatcherServlet - Completed initialization in 9 ms
2021-07-31 17:47:54.597 [http-nio-8888-exec-1] INFO  educ.service.teacher.controller.EduLoginController - 前端出传入的用户信息:User(username=admin, password=admin, info=null, avatar=null)
2021-07-31 17:48:07.970 [http-nio-8888-exec-5] INFO  e.s.teacher.service.impl.EduSubjectServiceImpl - 课程一级分类:[SubjectVO(id=1178214681118568449, label=后端开发, children=[]), SubjectVO(id=1178214681181483010, label=前端开发, children=[]), SubjectVO(id=1178214681231814658, label=云计算, children=[]), SubjectVO(id=1178214681324089345, label=系统/运维, children=[]), SubjectVO(id=1178214681399586817, label=数据库, children=[]), SubjectVO(id=1178214681483472898, label=大数据, children=[]), SubjectVO(id=1178214681554776066, label=人工智能, children=[]), SubjectVO(id=1178214681613496321, label=编程语言, children=[])]
2021-07-31 17:48:07.970 [http-nio-8888-exec-5] INFO  e.s.teacher.service.impl.EduSubjectServiceImpl - 课程分类:[SubjectVO(id=1178214681118568449, label=后端开发, children=[SubjectVO(id=1178214681139539969, label=Java, children=[]), SubjectVO(id=1178585108407984130, label=Python, children=[])]), SubjectVO(id=1178214681181483010, label=前端开发, children=[SubjectVO(id=1178214681210843137, label=JavaScript, children=[]), SubjectVO(id=1178585108454121473, label=HTML/CSS, children=[])]), SubjectVO(id=1178214681231814658, label=云计算, children=[SubjectVO(id=1178214681252786178, label=Docker, children=[]), SubjectVO(id=1178214681294729217, label=Linux, children=[])]), SubjectVO(id=1178214681324089345, label=系统/运维, children=[SubjectVO(id=1178214681353449473, label=Linux, children=[]), SubjectVO(id=1178214681382809602, label=Windows, children=[])]), SubjectVO(id=1178214681399586817, label=数据库, children=[SubjectVO(id=1178214681428946945, label=MySQL, children=[]), SubjectVO(id=1178214681454112770, label=MongoDB, children=[])]), SubjectVO(id=1178214681483472898, label=大数据, children=[SubjectVO(id=1178214681504444418, label=Hadoop, children=[]), SubjectVO(id=1178214681529610242, label=Spark, children=[])]), SubjectVO(id=1178214681554776066, label=人工智能, children=[SubjectVO(id=1178214681584136193, label=Python, children=[])]), SubjectVO(id=1178214681613496321, label=编程语言, children=[SubjectVO(id=1178214681626079234, label=Java, children=[])])]
2021-07-31 17:48:14.484 [http-nio-8888-exec-7] INFO  e.service.teacher.controller.EduTeacherController - 前端传入查询讲师条件:EduTeacher(id=null, name=null, intro=null, career=null, level=null, avatar=null, sort=null, isDeleted=null)
2021-07-31 17:48:18.827 [http-nio-8888-exec-8] INFO  e.s.teacher.service.impl.EduSubjectServiceImpl - 课程一级分类:[SubjectVO(id=1178214681118568449, label=后端开发, children=[]), SubjectVO(id=1178214681181483010, label=前端开发, children=[]), SubjectVO(id=1178214681231814658, label=云计算, children=[]), SubjectVO(id=1178214681324089345, label=系统/运维, children=[]), SubjectVO(id=1178214681399586817, label=数据库, children=[]), SubjectVO(id=1178214681483472898, label=大数据, children=[]), SubjectVO(id=1178214681554776066, label=人工智能, children=[]), SubjectVO(id=1178214681613496321, label=编程语言, children=[])]
2021-07-31 17:48:18.827 [http-nio-8888-exec-8] INFO  e.s.teacher.service.impl.EduSubjectServiceImpl - 课程分类:[SubjectVO(id=1178214681118568449, label=后端开发, children=[SubjectVO(id=1178214681139539969, label=Java, children=[]), SubjectVO(id=1178585108407984130, label=Python, children=[])]), SubjectVO(id=1178214681181483010, label=前端开发, children=[SubjectVO(id=1178214681210843137, label=JavaScript, children=[]), SubjectVO(id=1178585108454121473, label=HTML/CSS, children=[])]), SubjectVO(id=1178214681231814658, label=云计算, children=[SubjectVO(id=1178214681252786178, label=Docker, children=[]), SubjectVO(id=1178214681294729217, label=Linux, children=[])]), SubjectVO(id=1178214681324089345, label=系统/运维, children=[SubjectVO(id=1178214681353449473, label=Linux, children=[]), SubjectVO(id=1178214681382809602, label=Windows, children=[])]), SubjectVO(id=1178214681399586817, label=数据库, children=[SubjectVO(id=1178214681428946945, label=MySQL, children=[]), SubjectVO(id=1178214681454112770, label=MongoDB, children=[])]), SubjectVO(id=1178214681483472898, label=大数据, children=[SubjectVO(id=1178214681504444418, label=Hadoop, children=[]), SubjectVO(id=1178214681529610242, label=Spark, children=[])]), SubjectVO(id=1178214681554776066, label=人工智能, children=[SubjectVO(id=1178214681584136193, label=Python, children=[])]), SubjectVO(id=1178214681613496321, label=编程语言, children=[SubjectVO(id=1178214681626079234, label=Java, children=[])])]
2021-07-31 17:50:57.060 [http-nio-8888-exec-3] INFO  e.s.teacher.service.impl.EduSubjectServiceImpl - 课程一级分类:[SubjectVO(id=1178214681118568449, label=后端开发, children=[]), SubjectVO(id=1178214681181483010, label=前端开发, children=[]), SubjectVO(id=1178214681231814658, label=云计算, children=[]), SubjectVO(id=1178214681324089345, label=系统/运维, children=[]), SubjectVO(id=1178214681399586817, label=数据库, children=[]), SubjectVO(id=1178214681483472898, label=大数据, children=[]), SubjectVO(id=1178214681554776066, label=人工智能, children=[]), SubjectVO(id=1178214681613496321, label=编程语言, children=[])]
2021-07-31 17:50:57.060 [http-nio-8888-exec-3] INFO  e.s.teacher.service.impl.EduSubjectServiceImpl - 课程分类:[SubjectVO(id=1178214681118568449, label=后端开发, children=[SubjectVO(id=1178214681139539969, label=Java, children=[]), SubjectVO(id=1178585108407984130, label=Python, children=[])]), SubjectVO(id=1178214681181483010, label=前端开发, children=[SubjectVO(id=1178214681210843137, label=JavaScript, children=[]), SubjectVO(id=1178585108454121473, label=HTML/CSS, children=[])]), SubjectVO(id=1178214681231814658, label=云计算, children=[SubjectVO(id=1178214681252786178, label=Docker, children=[]), SubjectVO(id=1178214681294729217, label=Linux, children=[])]), SubjectVO(id=1178214681324089345, label=系统/运维, children=[SubjectVO(id=1178214681353449473, label=Linux, children=[]), SubjectVO(id=1178214681382809602, label=Windows, children=[])]), SubjectVO(id=1178214681399586817, label=数据库, children=[SubjectVO(id=1178214681428946945, label=MySQL, children=[]), SubjectVO(id=1178214681454112770, label=MongoDB, children=[])]), SubjectVO(id=1178214681483472898, label=大数据, children=[SubjectVO(id=1178214681504444418, label=Hadoop, children=[]), SubjectVO(id=1178214681529610242, label=Spark, children=[])]), SubjectVO(id=1178214681554776066, label=人工智能, children=[SubjectVO(id=1178214681584136193, label=Python, children=[])]), SubjectVO(id=1178214681613496321, label=编程语言, children=[SubjectVO(id=1178214681626079234, label=Java, children=[])])]
2021-07-31 17:51:00.798 [http-nio-8888-exec-4] INFO  e.service.teacher.controller.EduTeacherController - 前端传入查询讲师条件:EduTeacher(id=null, name=null, intro=null, career=null, level=null, avatar=null, sort=null, isDeleted=null)
2021-07-31 17:51:20.450 [http-nio-8888-exec-5] INFO  e.service.teacher.controller.EduTeacherController - 前端传入查询讲师条件:EduTeacher(id=null, name=null, intro=null, career=null, level=1, avatar=null, sort=null, isDeleted=null)
2021-07-31 17:51:26.809 [http-nio-8888-exec-6] INFO  e.service.teacher.controller.EduTeacherController - 前端传入查询讲师条件:EduTeacher(id=null, name=null, intro=null, career=null, level=null, avatar=null, sort=null, isDeleted=null)
2021-07-31 18:21:42.688 [SpringContextShutdownHook] INFO  o.s.scheduling.concurrent.ThreadPoolTaskExecutor - Shutting down ExecutorService 'applicationTaskExecutor'
2021-07-31 18:21:42.690 [SpringContextShutdownHook] INFO  com.zaxxer.hikari.HikariDataSource - HikariPool-1 - Shutdown initiated...
2021-07-31 18:21:42.694 [SpringContextShutdownHook] INFO  com.zaxxer.hikari.HikariDataSource - HikariPool-1 - Shutdown completed.
